<?xml version="1.0"?>
<coverage lines-covered="109" lines-valid="198" line-rate="0.5505050505050505" branches-covered="0" branches-valid="0" branch-rate="0" complexity="0" version="1.9" timestamp="1728173719">
    <sources>
        <source>/home/lothrop/src/casinobuddy.app</source>
    </sources>
    <packages>
        <package name="src" line-rate="0.5505050505050505" branch-rate="0" complexity="0">
            <classes>
                <class name="error" filename="src/error.rs" line-rate="0" branch-rate="0" complexity="0">
                    <methods/>
                    <lines>
                        <line number="12" hits="0"/>
                        <line number="13" hits="0"/>
                        <line number="14" hits="0"/>
                        <line number="16" hits="0"/>
                        <line number="17" hits="0"/>
                        <line number="18" hits="0"/>
                        <line number="20" hits="0"/>
                        <line number="22" hits="0"/>
                        <line number="23" hits="0"/>
                        <line number="24" hits="0"/>
                        <line number="29" hits="0"/>
                        <line number="30" hits="0"/>
                        <line number="31" hits="0"/>
                        <line number="32" hits="0"/>
                        <line number="36" hits="0"/>
                        <line number="37" hits="0"/>
                        <line number="38" hits="0"/>
                        <line number="39" hits="0"/>
                        <line number="40" hits="0"/>
                        <line number="41" hits="0"/>
                        <line number="43" hits="0"/>
                        <line number="45" hits="0"/>
                        <line number="48" hits="0"/>
                        <line number="51" hits="0"/>
                        <line number="52" hits="0"/>
                        <line number="53" hits="0"/>
                        <line number="57" hits="0"/>
                        <line number="58" hits="0"/>
                        <line number="63" hits="0"/>
                        <line number="65" hits="0"/>
                        <line number="67" hits="0"/>
                        <line number="69" hits="0"/>
                        <line number="71" hits="0"/>
                    </lines>
                </class>
                <class name="lib" filename="src/lib.rs" line-rate="0.6770186335403726" branch-rate="0" complexity="0">
                    <methods/>
                    <lines>
                        <line number="16" hits="0"/>
                        <line number="17" hits="0"/>
                        <line number="18" hits="0"/>
                        <line number="23" hits="0"/>
                        <line number="26" hits="0"/>
                        <line number="27" hits="0"/>
                        <line number="28" hits="0"/>
                        <line number="29" hits="0"/>
                        <line number="30" hits="0"/>
                        <line number="31" hits="0"/>
                        <line number="32" hits="0"/>
                        <line number="33" hits="0"/>
                        <line number="34" hits="0"/>
                        <line number="36" hits="0"/>
                        <line number="37" hits="0"/>
                        <line number="38" hits="0"/>
                        <line number="39" hits="0"/>
                        <line number="109" hits="0"/>
                        <line number="111" hits="4"/>
                        <line number="112" hits="1"/>
                        <line number="116" hits="4"/>
                        <line number="117" hits="7"/>
                        <line number="118" hits="0"/>
                        <line number="120" hits="0"/>
                        <line number="122" hits="2"/>
                        <line number="123" hits="4"/>
                        <line number="124" hits="1"/>
                        <line number="128" hits="3"/>
                        <line number="129" hits="1"/>
                        <line number="130" hits="0"/>
                        <line number="133" hits="0"/>
                        <line number="134" hits="0"/>
                        <line number="135" hits="0"/>
                        <line number="139" hits="6"/>
                        <line number="140" hits="7"/>
                        <line number="141" hits="4"/>
                        <line number="142" hits="4"/>
                        <line number="143" hits="1"/>
                        <line number="147" hits="4"/>
                        <line number="148" hits="1"/>
                        <line number="174" hits="4"/>
                        <line number="175" hits="5"/>
                        <line number="179" hits="1"/>
                        <line number="180" hits="7"/>
                        <line number="181" hits="0"/>
                        <line number="183" hits="0"/>
                        <line number="184" hits="0"/>
                        <line number="185" hits="0"/>
                        <line number="187" hits="2"/>
                        <line number="188" hits="4"/>
                        <line number="189" hits="1"/>
                        <line number="193" hits="1"/>
                        <line number="201" hits="7"/>
                        <line number="202" hits="0"/>
                        <line number="204" hits="0"/>
                        <line number="205" hits="0"/>
                        <line number="206" hits="2"/>
                        <line number="207" hits="0"/>
                        <line number="208" hits="0"/>
                        <line number="210" hits="2"/>
                        <line number="211" hits="4"/>
                        <line number="212" hits="1"/>
                        <line number="218" hits="4"/>
                        <line number="219" hits="5"/>
                        <line number="220" hits="3"/>
                        <line number="221" hits="2"/>
                        <line number="222" hits="0"/>
                        <line number="224" hits="1"/>
                        <line number="226" hits="1"/>
                        <line number="230" hits="4"/>
                        <line number="231" hits="5"/>
                        <line number="232" hits="3"/>
                        <line number="233" hits="2"/>
                        <line number="237" hits="1"/>
                        <line number="242" hits="4"/>
                        <line number="243" hits="3"/>
                        <line number="244" hits="1"/>
                        <line number="245" hits="2"/>
                        <line number="246" hits="4"/>
                        <line number="247" hits="2"/>
                        <line number="249" hits="0"/>
                        <line number="254" hits="1"/>
                        <line number="262" hits="3"/>
                        <line number="263" hits="2"/>
                        <line number="268" hits="0"/>
                        <line number="269" hits="2"/>
                        <line number="271" hits="0"/>
                        <line number="272" hits="0"/>
                        <line number="273" hits="0"/>
                        <line number="275" hits="0"/>
                        <line number="277" hits="0"/>
                        <line number="284" hits="1"/>
                        <line number="287" hits="6"/>
                        <line number="289" hits="4"/>
                        <line number="290" hits="1"/>
                        <line number="291" hits="1"/>
                        <line number="292" hits="4"/>
                        <line number="293" hits="5"/>
                        <line number="294" hits="3"/>
                        <line number="310" hits="1"/>
                        <line number="313" hits="2"/>
                        <line number="317" hits="1"/>
                        <line number="320" hits="4"/>
                        <line number="323" hits="5"/>
                        <line number="324" hits="1"/>
                        <line number="325" hits="1"/>
                        <line number="326" hits="1"/>
                        <line number="328" hits="4"/>
                        <line number="331" hits="2"/>
                        <line number="332" hits="4"/>
                        <line number="333" hits="0"/>
                        <line number="334" hits="1"/>
                        <line number="335" hits="4"/>
                        <line number="341" hits="1"/>
                        <line number="344" hits="4"/>
                        <line number="346" hits="4"/>
                        <line number="347" hits="1"/>
                        <line number="348" hits="1"/>
                        <line number="349" hits="4"/>
                        <line number="350" hits="5"/>
                        <line number="351" hits="3"/>
                        <line number="362" hits="1"/>
                        <line number="366" hits="2"/>
                        <line number="370" hits="1"/>
                        <line number="373" hits="4"/>
                        <line number="375" hits="6"/>
                        <line number="376" hits="1"/>
                        <line number="377" hits="1"/>
                        <line number="378" hits="2"/>
                        <line number="379" hits="2"/>
                        <line number="381" hits="4"/>
                        <line number="382" hits="5"/>
                        <line number="383" hits="2"/>
                        <line number="384" hits="4"/>
                        <line number="385" hits="1"/>
                        <line number="386" hits="4"/>
                        <line number="392" hits="1"/>
                        <line number="395" hits="5"/>
                        <line number="396" hits="2"/>
                        <line number="397" hits="2"/>
                        <line number="398" hits="2"/>
                        <line number="399" hits="2"/>
                        <line number="401" hits="4"/>
                        <line number="403" hits="5"/>
                        <line number="404" hits="1"/>
                        <line number="405" hits="1"/>
                        <line number="406" hits="1"/>
                        <line number="407" hits="1"/>
                        <line number="408" hits="1"/>
                        <line number="409" hits="2"/>
                        <line number="414" hits="0"/>
                        <line number="415" hits="0"/>
                        <line number="421" hits="0"/>
                        <line number="423" hits="0"/>
                        <line number="426" hits="0"/>
                        <line number="430" hits="1"/>
                        <line number="431" hits="0"/>
                        <line number="432" hits="0"/>
                        <line number="434" hits="0"/>
                        <line number="435" hits="0"/>
                        <line number="437" hits="0"/>
                    </lines>
                </class>
                <class name="main" filename="src/main.rs" line-rate="0" branch-rate="0" complexity="0">
                    <methods/>
                    <lines>
                        <line number="4" hits="0"/>
                        <line number="7" hits="0"/>
                        <line number="8" hits="0"/>
                        <line number="9" hits="0"/>
                    </lines>
                </class>
            </classes>
        </package>
    </packages>
</coverage>